[LOG] System::create                           : Header version = 2.02.15. Current version = 2.02.15.
[LOG] Manager::init                            : maxchannels = 256 studioflags = 00000006 flags 00000000 extradriverdata 0000000000000000.
[LOG] SystemI::init                            : Initialize version=20215 (134211), maxchannels=256, flags=0x00020000
[LOG] SystemI::setOutputInternal               : Setting output to 'FMOD WASAPI Output'
[LOG] OutputWASAPI::init                       : Mix Format (WAVEFORMATEX): wFormatTag=0xFFFE, nChannels=2, nSamplesPerSec=48000, nAvgBytesPerSec=384000, nBlockAlign=8, wBitsPerSample=32, cbSize=22.
[LOG] OutputWASAPI::init                       : Mix Format (WAVEFORMATEXTENSIBLE): wValidBitsPerSample=32, dwChannelMask=0x00000003, SubFormat=00000003-0000-0010-8000-00AA00389B71.
[LOG] OutputWASAPI::init                       : Output buffer size: 4096 samples, latency: 0.00ms, period: 10.00ms, DSP buffer: 1024 * 4
[LOG] Thread::initThread                       : Init FMOD stream thread. Affinity: 0x4000000000000003, Priority: 0xFFFF7FFB, Stack Size: 98304, Semaphore: No, Sleep Time: 10, Looping: Yes.
[LOG] Thread::initThread                       : Init FMOD mixer thread. Affinity: 0x4000000000000001, Priority: 0xFFFF7FFA, Stack Size: 81920, Semaphore: No, Sleep Time: 0, Looping: Yes.
[LOG] AsyncManager::init                       : manager 000001F821A292D8 isAsync 0 updatePeriod 0.02
[LOG] AsyncManager::init                       : done
[LOG] PlaybackSystem::init                     : 
[LOG] Thread::initThread                       : Init FMOD Studio sample load thread. Affinity: 0x4000000000000003, Priority: 0xFFFF7FFD, Stack Size: 98304, Semaphore: No, Sleep Time: 1, Looping: No.
[LOG] PlaybackSystem::init                     : done
[LOG] Thread::initThread                       : Init FMOD Studio bank load thread. Affinity: 0x4000000000000003, Priority: 0xFFFF7FFD, Stack Size: 98304, Semaphore: No, Sleep Time: 1, Looping: No.
[LOG] Manager::init                            : done.
[LOG] Manager::readBank                        : fileversion = 142, compatVersion = 140 (oldest = 44, newest = 142)
[LOG] Manager::readBank                        : fileversion = 142, compatVersion = 140 (oldest = 44, newest = 142)
[LOG] PlaybackSystem::acquireMasterBus         : Setting master channel group format to 6
[LOG] Manager::readBank                        : fileversion = 142, compatVersion = 140 (oldest = 44, newest = 142)
[LOG] Manager::readBank                        : fileversion = 142, compatVersion = 140 (oldest = 44, newest = 142)
[LOG] Manager::readBank                        : fileversion = 142, compatVersion = 140 (oldest = 44, newest = 142)
[LOG] PlaybackSystem::acquireMasterBus         : Setting master channel group format to 6
[LOG] Manager::readBank                        : fileversion = 142, compatVersion = 140 (oldest = 44, newest = 142)
[LOG] Manager::readBank                        : fileversion = 142, compatVersion = 140 (oldest = 44, newest = 142)
[LOG] PlaybackSystem::acquireMasterBus         : Setting master channel group format to 6
[LOG] SystemI::createSoundInternal             : Create name='', mode=0x02000202
[LOG] SystemI::createSoundInternal             : exinfo->cbsize             = 224
[LOG] SystemI::createSoundInternal             : exinfo->length             = 8246176
[LOG] SystemI::createSoundInternal             : exinfo->fileoffset         = 51840
[LOG] SystemI::createSoundInternal             : exinfo->numsubsounds       = 1
[LOG] SystemI::createSoundInternal             : exinfo->inclusionlist      = 000000446D2FF498
[LOG] SystemI::createSoundInternal             : exinfo->inclusionlistnum   = 1
[LOG] SystemI::createSoundInternal             : exinfo->suggestedsoundtype = 5
[LOG] SystemI::createSoundInternal             : exinfo->useropen           = 00007FFD55AC3CA0
[LOG] SystemI::createSoundInternal             : exinfo->userclose          = 00007FFD55AC3C60
[LOG] SystemI::createSoundInternal             : exinfo->userread           = 00007FFD55AC3D80
[LOG] SystemI::createSoundInternal             : exinfo->userseek           = 00007FFD55AC3E40
[LOG] SystemI::createSoundInternal             : exinfo->fileuserdata       = 000001F8F74B4978
[LOG] SystemI::createSoundInternal             : exinfo->initialseekpostype = 1
[LOG] SystemI::DSPCodecPoolRegister            : register codec pool for pool type 5
[LOG] SystemI::createSoundInternal             : Sample 0/1: name='BGM_Level3-part1 - Trimmed', format=5, channels=2, frequency=48000, lengthbytes=95872, lengthpcm=385499, pcmblocksize=0, loopstart=0, loopend=0, mode=0x00000000, channelmask=0x00000000, channelorder=0, peakvolume=0.226044.
[LOG] SystemI::createSound                     : filename = Assets/music/Build/Desktop/Master.bank : mode 02010082
[LOG] SystemI::createSound                     : FMOD_NONBLOCKING specified.  Putting into queue to be opened asynchronously!
[LOG] Thread::initThread                       : Init FMOD nonblocking thread (0). Affinity: 0x4000000000000003, Priority: 0xFFFF7FFC, Stack Size: 114688, Semaphore: Yes, Sleep Time: 0, Looping: Yes.
[LOG] AsyncThread::add                         : add sound to async queue : soundi = 000001F831BB1C18, queue head = 000001F5329642E8, queue count = 0
[LOG] AsyncThread::threadFunc                  : Starting Asynchronous operation on sound 000001F831BB1C18
[LOG] SystemI::createSoundInternal             :     Create name='Assets/music/Build/Desktop/Master.bank', mode=0x02010082
[LOG] SystemI::createSoundInternal             :     exinfo->cbsize             = 224
[LOG] SystemI::createSoundInternal             :     exinfo->length             = 8246176
[LOG] SystemI::createSoundInternal             :     exinfo->fileoffset         = 51840
[LOG] SystemI::createSoundInternal             :     exinfo->numsubsounds       = 1
[LOG] SystemI::createSoundInternal             :     exinfo->inclusionlist      = 000001F821A085D0
[LOG] SystemI::createSoundInternal             :     exinfo->inclusionlistnum   = 1
[LOG] SystemI::createSoundInternal             :     exinfo->suggestedsoundtype = 5
[LOG] SystemI::createSoundInternal             :     exinfo->initialseekpostype = 1
[LOG] SystemI::createSoundInternal             :     Stream 0/1: name='BGM_Level3-part1', format=5, channels=2, frequency=48000, lengthbytes=298912, lengthpcm=1152000, pcmblocksize=0, loopstart=0, loopend=0, mode=0x00000000, channelmask=0x00000000, channelorder=0, peakvolume=0.606873.
[LOG] Thread::initThread                       :     Init FMOD file thread. Affinity: 0x4000000000000003, Priority: 0xFFFF7FFC, Stack Size: 65536, Semaphore: No, Sleep Time: 10, Looping: Yes.
[LOG] AsyncThread::threadFunc                  : Finished Asynchronous operation on sound 000001F831BB1C18
[LOG] AsyncThread::add                         : add sound to async queue : soundi = 000001F7E1A9DDE8, queue head = 000001F5329642E8, queue count = 0
[LOG] AsyncThread::threadFunc                  : Starting Asynchronous operation on sound 000001F7E1A9DDE8
[LOG] AsyncThread::threadFunc                  : Finished Asynchronous operation on sound 000001F7E1A9DDE8
[LOG] SystemI::createSound                     : filename = Assets/music/Build/Desktop/Master.bank : mode 02010082
[LOG] SystemI::createSound                     : FMOD_NONBLOCKING specified.  Putting into queue to be opened asynchronously!
[LOG] AsyncThread::add                         : add sound to async queue : soundi = 000001F831BB18B8, queue head = 000001F5329642E8, queue count = 0
[LOG] AsyncThread::threadFunc                  : Starting Asynchronous operation on sound 000001F831BB18B8
[LOG] SystemI::createSoundInternal             :     Create name='Assets/music/Build/Desktop/Master.bank', mode=0x02010082
[LOG] SystemI::createSoundInternal             :     exinfo->cbsize             = 224
[LOG] SystemI::createSoundInternal             :     exinfo->length             = 8246176
[LOG] SystemI::createSoundInternal             :     exinfo->fileoffset         = 51840
[LOG] SystemI::createSoundInternal             :     exinfo->numsubsounds       = 1
[LOG] SystemI::createSoundInternal             :     exinfo->inclusionlist      = 000001F821A07590
[LOG] SystemI::createSoundInternal             :     exinfo->inclusionlistnum   = 1
[LOG] SystemI::createSoundInternal             :     exinfo->suggestedsoundtype = 5
[LOG] SystemI::createSoundInternal             :     exinfo->initialseekpostype = 1
[LOG] SystemI::createSoundInternal             :     Stream 0/1: name='BGM_Level3-part1', format=5, channels=2, frequency=48000, lengthbytes=298912, lengthpcm=1152000, pcmblocksize=0, loopstart=0, loopend=0, mode=0x00000000, channelmask=0x00000000, channelorder=0, peakvolume=0.606873.
[LOG] AsyncThread::threadFunc                  : Finished Asynchronous operation on sound 000001F831BB18B8
[LOG] SoundI::release                          : BGM_Level3-part1 (000001F831BB1C18)
[LOG] SoundI::release                          :     BGM_Level3-part1 (000001F821E0B708)
[LOG] SoundI::release                          :     BGM_Level3-part1 (000001F7E1A9DDE8)
[LOG] AsyncThread::add                         : add sound to async queue : soundi = 000001F6C3FC0748, queue head = 000001F5329642E8, queue count = 0
[LOG] AsyncThread::threadFunc                  : Starting Asynchronous operation on sound 000001F6C3FC0748
[LOG] AsyncThread::threadFunc                  : Finished Asynchronous operation on sound 000001F6C3FC0748
[LOG] AsyncThread::add                         : add sound to async queue : soundi = 000001F6C3FC0748, queue head = 000001F5329642E8, queue count = 0
[LOG] AsyncThread::threadFunc                  : Starting Asynchronous operation on sound 000001F6C3FC0748
[LOG] AsyncThread::threadFunc                  : Finished Asynchronous operation on sound 000001F6C3FC0748
[LOG] SoundI::release                          : BGM_Level3-part1 (000001F831BB18B8)
[LOG] SoundI::release                          :     BGM_Level3-part1 (000001F527A964C8)
[LOG] SoundI::release                          :     BGM_Level3-part1 (000001F6C3FC0748)
[LOG] SystemI::createSound                     : filename = Assets/music/Build/Desktop/Master.bank : mode 02010082
[LOG] SystemI::createSound                     : FMOD_NONBLOCKING specified.  Putting into queue to be opened asynchronously!
[LOG] AsyncThread::add                         : add sound to async queue : soundi = 000001F831BAFF68, queue head = 000001F5329642E8, queue count = 0
[LOG] AsyncThread::threadFunc                  : Starting Asynchronous operation on sound 000001F831BAFF68
[LOG] SystemI::createSoundInternal             :     Create name='Assets/music/Build/Desktop/Master.bank', mode=0x02010082
[LOG] SystemI::createSoundInternal             :     exinfo->cbsize             = 224
[LOG] SystemI::createSoundInternal             :     exinfo->length             = 8246176
[LOG] SystemI::createSoundInternal             :     exinfo->fileoffset         = 51840
[LOG] SystemI::createSoundInternal             :     exinfo->numsubsounds       = 1
[LOG] SystemI::createSoundInternal             :     exinfo->inclusionlist      = 000001F821A08FD0
[LOG] SystemI::createSoundInternal             :     exinfo->inclusionlistnum   = 1
[LOG] SystemI::createSoundInternal             :     exinfo->suggestedsoundtype = 5
[LOG] SystemI::createSoundInternal             :     exinfo->initialseekpostype = 1
[LOG] SystemI::createSoundInternal             :     Stream 0/1: name='BGM_Room2_main', format=5, channels=2, frequency=48000, lengthbytes=1876416, lengthpcm=7598297, pcmblocksize=0, loopstart=0, loopend=0, mode=0x00000000, channelmask=0x00000000, channelorder=0, peakvolume=0.824463.
[LOG] AsyncThread::threadFunc                  : Finished Asynchronous operation on sound 000001F831BAFF68
[LOG] AsyncThread::add                         : add sound to async queue : soundi = 000001F6C3FC03E8, queue head = 000001F5329642E8, queue count = 0
[LOG] AsyncThread::threadFunc                  : Starting Asynchronous operation on sound 000001F6C3FC03E8
[LOG] AsyncThread::threadFunc                  : Finished Asynchronous operation on sound 000001F6C3FC03E8
[LOG] SystemI::createSound                     : filename = Assets/music/Build/Desktop/Master.bank : mode 02010082
[LOG] SystemI::createSound                     : FMOD_NONBLOCKING specified.  Putting into queue to be opened asynchronously!
[LOG] AsyncThread::add                         : add sound to async queue : soundi = 000001F831BB1708, queue head = 000001F5329642E8, queue count = 0
[LOG] AsyncThread::threadFunc                  : Starting Asynchronous operation on sound 000001F831BB1708
[LOG] SystemI::createSoundInternal             :     Create name='Assets/music/Build/Desktop/Master.bank', mode=0x02010082
[LOG] SystemI::createSoundInternal             :     exinfo->cbsize             = 224
[LOG] SystemI::createSoundInternal             :     exinfo->length             = 8246176
[LOG] SystemI::createSoundInternal             :     exinfo->fileoffset         = 51840
[LOG] SystemI::createSoundInternal             :     exinfo->numsubsounds       = 1
[LOG] SystemI::createSoundInternal             :     exinfo->inclusionlist      = 000001F821A07E50
[LOG] SystemI::createSoundInternal             :     exinfo->inclusionlistnum   = 1
[LOG] SystemI::createSoundInternal             :     exinfo->suggestedsoundtype = 5
[LOG] SystemI::createSoundInternal             :     exinfo->initialseekpostype = 1
[LOG] SystemI::createSoundInternal             :     Stream 0/1: name='BGM_Room2_synth2', format=5, channels=2, frequency=48000, lengthbytes=367584, lengthpcm=3155745, pcmblocksize=0, loopstart=0, loopend=0, mode=0x00000000, channelmask=0x00000000, channelorder=0, peakvolume=0.399353.
[LOG] AsyncThread::threadFunc                  : Finished Asynchronous operation on sound 000001F831BB1708
[LOG] SoundI::release                          : BGM_Room2_synth2 (000001F831BB1708)
[LOG] SoundI::release                          :     BGM_Room2_synth2 (000001F8F5337708)
[LOG] SoundI::release                          :     BGM_Room2_synth2 (000001F6C3FC0AA8)
[LOG] SoundI::release                          : BGM_Room2_main (000001F831BAFF68)
[LOG] SoundI::release                          :     BGM_Room2_main (000001F527A96188)
[LOG] SoundI::release                          :     BGM_Room2_main (000001F6C3FC03E8)
[LOG] SystemI::createSoundInternal             : Create name='', mode=0x02000202
[LOG] SystemI::createSoundInternal             : exinfo->cbsize             = 224
[LOG] SystemI::createSoundInternal             : exinfo->length             = 8246176
[LOG] SystemI::createSoundInternal             : exinfo->fileoffset         = 51840
[LOG] SystemI::createSoundInternal             : exinfo->numsubsounds       = 1
[LOG] SystemI::createSoundInternal             : exinfo->inclusionlist      = 000000446D2FF498
[LOG] SystemI::createSoundInternal             : exinfo->inclusionlistnum   = 1
[LOG] SystemI::createSoundInternal             : exinfo->suggestedsoundtype = 5
[LOG] SystemI::createSoundInternal             : exinfo->useropen           = 00007FFD55AC3CA0
[LOG] SystemI::createSoundInternal             : exinfo->userclose          = 00007FFD55AC3C60
[LOG] SystemI::createSoundInternal             : exinfo->userread           = 00007FFD55AC3D80
[LOG] SystemI::createSoundInternal             : exinfo->userseek           = 00007FFD55AC3E40
[LOG] SystemI::createSoundInternal             : exinfo->fileuserdata       = 000001F8F74B4FA8
[LOG] SystemI::createSoundInternal             : exinfo->initialseekpostype = 1
[LOG] SystemI::DSPCodecPoolRegister            : register codec pool for pool type 5
[LOG] SystemI::createSoundInternal             : Sample 0/1: name='AMB_Desert-wind - Trimmed (2)', format=5, channels=2, frequency=48000, lengthbytes=13536, lengthpcm=49999, pcmblocksize=0, loopstart=0, loopend=0, mode=0x00000000, channelmask=0x00000000, channelorder=0, peakvolume=0.241547.
[LOG] SystemI::createSoundInternal             : Create name='', mode=0x02000202
[LOG] SystemI::createSoundInternal             : exinfo->cbsize             = 224
[LOG] SystemI::createSoundInternal             : exinfo->length             = 8246176
[LOG] SystemI::createSoundInternal             : exinfo->fileoffset         = 51840
[LOG] SystemI::createSoundInternal             : exinfo->numsubsounds       = 1
[LOG] SystemI::createSoundInternal             : exinfo->inclusionlist      = 000000446D2FF498
[LOG] SystemI::createSoundInternal             : exinfo->inclusionlistnum   = 1
[LOG] SystemI::createSoundInternal             : exinfo->suggestedsoundtype = 5
[LOG] SystemI::createSoundInternal             : exinfo->useropen           = 00007FFD55AC3CA0
[LOG] SystemI::createSoundInternal             : exinfo->userclose          = 00007FFD55AC3C60
[LOG] SystemI::createSoundInternal             : exinfo->userread           = 00007FFD55AC3D80
[LOG] SystemI::createSoundInternal             : exinfo->userseek           = 00007FFD55AC3E40
[LOG] SystemI::createSoundInternal             : exinfo->fileuserdata       = 000001F8F74B4FA8
[LOG] SystemI::createSoundInternal             : exinfo->initialseekpostype = 1
[LOG] SystemI::DSPCodecPoolRegister            : register codec pool for pool type 5
[LOG] SystemI::createSoundInternal             : Sample 0/1: name='AMB_Desert-synth_drone - Trimmed', format=5, channels=2, frequency=48000, lengthbytes=32544, lengthpcm=195746, pcmblocksize=0, loopstart=0, loopend=0, mode=0x00000000, channelmask=0x00000000, channelorder=0, peakvolume=0.485870.
[LOG] SystemI::createSound                     : filename = Assets/music/Build/Desktop/Master.bank : mode 02010082
[LOG] SystemI::createSound                     : FMOD_NONBLOCKING specified.  Putting into queue to be opened asynchronously!
[LOG] AsyncThread::add                         : add sound to async queue : soundi = 000001F831BB33B8, queue head = 000001F5329642E8, queue count = 0
[LOG] SystemI::createSound                     : filename = Assets/music/Build/Desktop/Master.bank : mode 02010082
[LOG] AsyncThread::threadFunc                  : Starting Asynchronous operation on sound 000001F831BB33B8
[LOG] SystemI::createSoundInternal             :     Create name='Assets/music/Build/Desktop/Master.bank', mode=0x02010082
[LOG] SystemI::createSound                     : FMOD_NONBLOCKING specified.  Putting into queue to be opened asynchronously!
[LOG] SystemI::createSoundInternal             :     exinfo->cbsize             = 224
[LOG] AsyncThread::add                         :     add sound to async queue : soundi = 000001F831BB1708, queue head = 000001F5329642E8, queue count = 0
[LOG] SystemI::createSoundInternal             :     exinfo->length             = 8246176
[LOG] SystemI::createSoundInternal             :     exinfo->fileoffset         = 51840
[LOG] SystemI::createSoundInternal             :     exinfo->numsubsounds       = 1
[LOG] SystemI::createSoundInternal             :     exinfo->inclusionlist      = 000001F821A07BD0
[LOG] SystemI::createSoundInternal             :     exinfo->inclusionlistnum   = 1
[LOG] SystemI::createSoundInternal             :     exinfo->suggestedsoundtype = 5
[LOG] SystemI::createSoundInternal             :     exinfo->initialseekpostype = 1
[LOG] SystemI::createSoundInternal             :     Stream 0/1: name='AMB_Desert-wind', format=5, channels=2, frequency=48000, lengthbytes=728672, lengthpcm=2720000, pcmblocksize=0, loopstart=0, loopend=0, mode=0x00000000, channelmask=0x00000000, channelorder=0, peakvolume=0.394531.
[LOG] AsyncThread::threadFunc                  : Finished Asynchronous operation on sound 000001F831BB33B8
[LOG] AsyncThread::threadFunc                  : Starting Asynchronous operation on sound 000001F831BB1708
[LOG] SystemI::createSoundInternal             :     Create name='Assets/music/Build/Desktop/Master.bank', mode=0x02010082
[LOG] SystemI::createSoundInternal             :     exinfo->cbsize             = 224
[LOG] SystemI::createSoundInternal             :     exinfo->length             = 8246176
[LOG] SystemI::createSoundInternal             :     exinfo->fileoffset         = 51840
[LOG] SystemI::createSoundInternal             :     exinfo->numsubsounds       = 1
[LOG] SystemI::createSoundInternal             :     exinfo->inclusionlist      = 000001F821A09610
[LOG] SystemI::createSoundInternal             :     exinfo->inclusionlistnum   = 1
[LOG] SystemI::createSoundInternal             :     exinfo->suggestedsoundtype = 5
[LOG] SystemI::createSoundInternal             :     exinfo->initialseekpostype = 1
[LOG] SystemI::createSoundInternal             :     Stream 0/1: name='AMB_Desert-synth_drone', format=5, channels=2, frequency=48000, lengthbytes=311776, lengthpcm=2871746, pcmblocksize=0, loopstart=0, loopend=0, mode=0x00000000, channelmask=0x00000000, channelorder=0, peakvolume=0.511566.
[LOG] AsyncThread::threadFunc                  : Finished Asynchronous operation on sound 000001F831BB1708
[LOG] AsyncThread::add                         : add sound to async queue : soundi = 000001F6C3FC03E8, queue head = 000001F5329642E8, queue count = 0
[LOG] AsyncThread::threadFunc                  : Starting Asynchronous operation on sound 000001F6C3FC03E8
[LOG] AsyncThread::add                         : add sound to async queue : soundi = 000001F6C3FC0748, queue head = 000001F5329642E8, queue count = 0
[LOG] AsyncThread::threadFunc                  : Finished Asynchronous operation on sound 000001F6C3FC03E8
[LOG] AsyncThread::threadFunc                  : Starting Asynchronous operation on sound 000001F6C3FC0748
[LOG] AsyncThread::threadFunc                  : Finished Asynchronous operation on sound 000001F6C3FC0748
[LOG] SoundI::release                          : AMB_Desert-synth_drone (000001F831BB1708)
[LOG] SoundI::release                          :     AMB_Desert-synth_drone (000001F8F5337228)
[LOG] SoundI::release                          :     AMB_Desert-synth_drone (000001F6C3FC0748)
[LOG] SoundI::release                          : AMB_Desert-wind (000001F831BB33B8)
[LOG] SoundI::release                          :     AMB_Desert-wind (000001F527A964C8)
[LOG] SoundI::release                          :     AMB_Desert-wind (000001F6C3FC03E8)
[LOG] SoundI::release                          :  (000001F82315EC28)
[LOG] SoundI::release                          :     BGM_Level3-part1 - Trimmed (000001F821F73928)
[LOG] SoundI::release                          :  (000001F823161FE8)
[LOG] SoundI::release                          :     AMB_Desert-synth_drone - Trimmed (000001F821F73788)
[LOG] SoundI::release                          :  (000001F82315FBF8)
[LOG] SoundI::release                          :     AMB_Desert-wind - Trimmed (2) (000001F821F735E8)
[LOG] Thread::callback                         : FMOD Studio update thread finished.
[LOG] Thread::callback                         : FMOD Studio bank load thread finished.
[LOG] Profile::disconnectAll                   : Profiler disconnecting all clients
[LOG] Thread::callback                         : FMOD Studio sample load thread finished.
[LOG] LiveUpdate::release                      : 
[LOG] LiveUpdate::reset                        : Reset connection (reason Disconnected)
[LOG] Thread::callback                         : FMOD stream thread finished.
[LOG] Thread::callback                         : FMOD mixer thread finished.
[LOG] Profile::disconnectAll                   : Profiler disconnecting all clients
[LOG] SystemI::close                           : Closed.
[LOG] Manager::readBank                        : fileversion = 142, compatVersion = 140 (oldest = 44, newest = 142)
[LOG] Manager::readBank                        : fileversion = 142, compatVersion = 140 (oldest = 44, newest = 142)
[LOG] PlaybackSystem::acquireMasterBus         : Setting master channel group format to 6
[LOG] Thread::callback                         : FMOD Studio bank load thread finished.
[LOG] Thread::callback                         : FMOD Studio sample load thread finished.
[LOG] LiveUpdate::release                      : 
[LOG] LiveUpdate::reset                        : Reset connection (reason Disconnected)
[LOG] Thread::callback                         : FMOD stream thread finished.
[LOG] Thread::callback                         : FMOD mixer thread finished.
[LOG] SystemI::close                           : Closed.
[LOG] Thread::callback                         : FMOD nonblocking thread (0) finished.
[LOG] Thread::callback                         : FMOD file thread finished.
